#
# A fatal error has been detected by the Java Runtime Environment:
#
#  EXCEPTION_ACCESS_VIOLATION (0xc0000005) at pc=0x0000009f1104c480, pid=8024, tid=7464
#
# JRE version: Java(TM) SE Runtime Environment (17.0.4.1+1) (build 17.0.4.1+1-LTS-2)
# Java VM: Java HotSpot(TM) 64-Bit Server VM (17.0.4.1+1-LTS-2, mixed mode, sharing, tiered, compressed oops, compressed class ptrs, g1 gc, windows-amd64)
# Problematic frame:
# C  0x0000009f1104c480
#
# No core dump will be written. Minidumps are not enabled by default on client versions of Windows
#
# If you would like to submit a bug report, please visit:
#   https://bugreport.java.com/bugreport/crash.jsp
#

---------------  S U M M A R Y ------------

Command Line: -Dclassworlds.conf=C:\Program Files\NetBeans-14\netbeans\java\maven\bin\m2.conf -Dmaven.home=C:\Program Files\NetBeans-14\netbeans\java\maven -Dlibrary.jansi.path=C:\Program Files\NetBeans-14\netbeans\java\maven\lib\jansi-native -Dmaven.multiModuleProjectDirectory=C:\Users\Dasun Nethsara\Desktop\Lycoris Cafe\IMS org.codehaus.plexus.classworlds.launcher.Launcher -Dexec.vmArgs= -Dexec.args=${exec.vmArgs} -classpath %classpath ${exec.mainClass} ${exec.appArgs} -Dexec.executable=C:\Program Files\Java\jdk-17.0.4.1\bin\java.exe -Dexec.mainClass=Administrator.Main -Dexec.classpathScope=runtime -Dexec.appArgs= -Dmaven.ext.class.path=C:\Program Files\NetBeans-14\netbeans\java\maven-nblib\netbeans-eventspy.jar -Dfile.encoding=UTF-8 org.codehaus.mojo:exec-maven-plugin:3.0.0:exec

Host: Intel(R) Core(TM)2 Duo CPU     E8400  @ 3.00GHz, 2 cores, 3G,  Windows 8.1 , 64 bit Build 9600 (6.3.9600.17415)
Time: Sun Nov 27 05:42:19 2022 Pacific Standard Time elapsed time: 1.001161 seconds (0d 0h 0m 1s)

---------------  T H R E A D  ---------------

Current thread (0x0000009ff5b31080):  JavaThread "main" [_thread_in_Java, id=7464, stack(0x0000009ff3a60000,0x0000009ff3b60000)]

Stack: [0x0000009ff3a60000,0x0000009ff3b60000],  sp=0x0000009ff3b5d558,  free space=1013k
Native frames: (J=compiled Java code, j=interpreted, Vv=VM code, C=native code)
C  0x0000009f1104c480


siginfo: EXCEPTION_ACCESS_VIOLATION (0xc0000005), data execution prevention violation at address 0x0000009f1104c480


Register to memory mapping:

RIP=0x0000009f1104c480 is an unknown value
RAX=0x00000008001c5c88 is a pointer to class: 
java.nio.HeapByteBuffer {0x00000008001c5c90}
 - instance size:     7
 - klass size:        148
 - access:            synchronized 
 - state:             fully_initialized
 - name:              'java/nio/HeapByteBuffer'
 - super:             'java/nio/ByteBuffer'
 - sub:               
 - arrays:            NULL
 - methods:           Array<T>(0x00000008009587d0)
 - method ordering:   Array<T>(0x00000008009586e0)
 - default_methods:   Array<T>(0x0000000000000000)
 - local interfaces:  Array<T>(0x00000008005cfbe0)
 - trans. interfaces: Array<T>(0x00000008007d9840)
 - constants:         constant pool [362] {0x0000000800958a68} for 'java/nio/HeapByteBuffer' cache=0x00000008003056a0
 - class loader data:  loader data: 0x0000009ff396cbd0 of 'bootstrap'
 - source file:       'HeapByteBuffer.java'
 - class annotations:       Array<T>(0x0000000000000000)
 - class type annotations:  Array<T>(0x0000000000000000)
 - field annotations:       Array<T>(0x0000000000000000)
 - field type annotations:  Array<T>(0x0000000000000000)
 - inner classes:     Array<T>(0x000000080095b2b8)
 - nest members:     Array<T>(0x00000008005cfb70)
 - permitted subclasses:     Array<T>(0x00000008005cfb70)
 - java mirror:       a 'java/lang/Class'{0x00000000c40c8278} = 'java/nio/HeapByteBuffer'
 - vtable length      84  (start addr: 0x00000008001c5e50)
 - itable length      5 (start addr: 0x00000008001c60f0)
 - ---- static fields (3 words):
 - private static final 'ARRAY_BASE_OFFSET' 'J' @112 
 - private static final 'ARRAY_INDEX_SCALE' 'J' @120 
 - static final synthetic '$assertionsDisabled' 'Z' @128 
 - ---- non-static fields (10 words):
 - private 'mark' 'I' @12 
 - 'address' 'J' @16 
 - private 'position' 'I' @24 
 - private 'limit' 'I' @28 
 - private 'capacity' 'I' @32 
 - final 'segment' 'Ljdk/internal/access/foreign/MemorySegmentProxy;' @36 
 - final 'offset' 'I' @40 
 - 'isReadOnly' 'Z' @44 
 - 'bigEndian' 'Z' @45 
 - 'nativeByteOrder' 'Z' @46 
 - final 'hb' '[B' @48 
 - non-static oop maps: 36-36 48-48 
RBX=0x00000000c74d4648 is an oop: [B 
{0x00000000c74d4648} - klass: {type array byte}
 - length: 8192
RCX=0x0000000000002000 is an unknown value
RDX=0x00000000c74d4610 is an oop: java.nio.HeapByteBuffer 
{0x00000000c74d4610} - klass: 'java/nio/HeapByteBuffer'
 - ---- fields (total size 7 words):
 - private 'mark' 'I' @12  -1 (ffffffff)
 - 'address' 'J' @16  16 (10 0)
 - private 'position' 'I' @24  6040 (1798)
 - private 'limit' 'I' @28  8192 (2000)
 - private 'capacity' 'I' @32  8192 (2000)
 - final 'segment' 'Ljdk/internal/access/foreign/MemorySegmentProxy;' @36  NULL (0)
 - final 'offset' 'I' @40  0
 - 'isReadOnly' 'Z' @44  false
 - 'bigEndian' 'Z' @45  true
 - 'nativeByteOrder' 'Z' @46  false
 - final 'hb' '[B' @48  [B{0x00000000c74d4648} (c74d4648)
RSP=0x0000009ff3b5d558 is pointing into the stack for thread: 0x0000009ff5b31080
RBP=0x0 is NULL
RSI=0x00000008001c5c88 is a pointer to class: 
java.nio.HeapByteBuffer {0x00000008001c5c90}
 - instance size:     7
 - klass size:        148
 - access:            synchronized 
 - state:             fully_initialized
 - name:              'java/nio/HeapByteBuffer'
 - super:             'java/nio/ByteBuffer'
 - sub:               
 - arrays:            NULL
 - methods:           Array<T>(0x00000008009587d0)
 - method ordering:   Array<T>(0x00000008009586e0)
 - default_methods:   Array<T>(0x0000000000000000)
 - local interfaces:  Array<T>(0x00000008005cfbe0)
 - trans. interfaces: Array<T>(0x00000008007d9840)
 - constants:         constant pool [362] {0x0000000800958a68} for 'java/nio/HeapByteBuffer' cache=0x00000008003056a0
 - class loader data:  loader data: 0x0000009ff396cbd0 of 'bootstrap'
 - source file:       'HeapByteBuffer.java'
 - class annotations:       Array<T>(0x0000000000000000)
 - class type annotations:  Array<T>(0x0000000000000000)
 - field annotations:       Array<T>(0x0000000000000000)
 - field type annotations:  Array<T>(0x0000000000000000)
 - inner classes:     Array<T>(0x000000080095b2b8)
 - nest members:     Array<T>(0x00000008005cfb70)
 - permitted subclasses:     Array<T>(0x00000008005cfb70)
 - java mirror:       a 'java/lang/Class'{0x00000000c40c8278} = 'java/nio/HeapByteBuffer'
 - vtable length      84  (start addr: 0x00000008001c5e50)
 - itable length      5 (start addr: 0x00000008001c60f0)
 - ---- static fields (3 words):
 - private static final 'ARRAY_BASE_OFFSET' 'J' @112 
 - private static final 'ARRAY_INDEX_SCALE' 'J' @120 
 - static final synthetic '$assertionsDisabled' 'Z' @128 
 - ---- non-static fields (10 words):
 - private 'mark' 'I' @12 
 - 'address' 'J' @16 
 - private 'position' 'I' @24 
 - private 'limit' 'I' @28 
 - private 'capacity' 'I' @32 
 - final 'segment' 'Ljdk/internal/access/foreign/MemorySegmentProxy;' @36 
 - final 'offset' 'I' @40 
 - 'isReadOnly' 'Z' @44 
 - 'bigEndian' 'Z' @45 
 - 'nativeByteOrder' 'Z' @46 
 - final 'hb' '[B' @48 
 - non-static oop maps: 36-36 48-48 
RDI=0x0000009f91184130 is pointing into metadata
R8 =0x000000000000179a is an unknown value
R9 =0x0000000000000368 is an unknown value
R10=0x00000008001c5c88 is a pointer to class: 
java.nio.HeapByteBuffer {0x00000008001c5c90}
 - instance size:     7
 - klass size:        148
 - access:            synchronized 
 - state:             fully_initialized
 - name:              'java/nio/HeapByteBuffer'
 - super:             'java/nio/ByteBuffer'
 - sub:               
 - arrays:            NULL
 - methods:           Array<T>(0x00000008009587d0)
 - method ordering:   Array<T>(0x00000008009586e0)
 - default_methods:   Array<T>(0x0000000000000000)
 - local interfaces:  Array<T>(0x00000008005cfbe0)
 - trans. interfaces: Array<T>(0x00000008007d9840)
 - constants:         constant pool [362] {0x0000000800958a68} for 'java/nio/HeapByteBuffer' cache=0x00000008003056a0
 - class loader data:  loader data: 0x0000009ff396cbd0 of 'bootstrap'
 - source file:       'HeapByteBuffer.java'
 - class annotations:       Array<T>(0x0000000000000000)
 - class type annotations:  Array<T>(0x0000000000000000)
 - field annotations:       Array<T>(0x0000000000000000)
 - field type annotations:  Array<T>(0x0000000000000000)
 - inner classes:     Array<T>(0x000000080095b2b8)
 - nest members:     Array<T>(0x00000008005cfb70)
 - permitted subclasses:     Array<T>(0x00000008005cfb70)
 - java mirror:       a 'java/lang/Class'{0x00000000c40c8278} = 'java/nio/HeapByteBuffer'
 - vtable length      84  (start addr: 0x00000008001c5e50)
 - itable length      5 (start addr: 0x00000008001c60f0)
 - ---- static fields (3 words):
 - private static final 'ARRAY_BASE_OFFSET' 'J' @112 
 - private static final 'ARRAY_INDEX_SCALE' 'J' @120 
 - static final synthetic '$assertionsDisabled' 'Z' @128 
 - ---- non-static fields (10 words):
 - private 'mark' 'I' @12 
 - 'address' 'J' @16 
 - private 'position' 'I' @24 
 - private 'limit' 'I' @28 
 - private 'capacity' 'I' @32 
 - final 'segment' 'Ljdk/internal/access/foreign/MemorySegmentProxy;' @36 
 - final 'offset' 'I' @40 
 - 'isReadOnly' 'Z' @44 
 - 'bigEndian' 'Z' @45 
 - 'nativeByteOrder' 'Z' @46 
 - final 'hb' '[B' @48 
 - non-static oop maps: 36-36 48-48 
R11=0x0000000800000000 is pointing into metadata
R12=0x0 is NULL
R13=0x000000000000495a is an unknown value
R14=0x00000000c4054ff0 is an oop: java.lang.System$2 
{0x00000000c4054ff0} - klass: 'java/lang/System$2'
 - ---- fields (total size 2 words):
R15=0x0000009ff5b31080 is a thread


Registers:
RAX=0x00000008001c5c88, RBX=0x00000000c74d4648, RCX=0x0000000000002000, RDX=0x00000000c74d4610
RSP=0x0000009ff3b5d558, RBP=0x0000000000000000, RSI=0x00000008001c5c88, RDI=0x0000009f91184130
R8 =0x000000000000179a, R9 =0x0000000000000368, R10=0x00000008001c5c88, R11=0x0000000800000000
R12=0x0000000000000000, R13=0x000000000000495a, R14=0x00000000c4054ff0, R15=0x0000009ff5b31080
RIP=0x0000009f1104c480, EFLAGS=0x0000000000010246

Top of Stack: (sp=0x0000009ff3b5d558)
0x0000009ff3b5d558:   0000009f80746b3c 00000000c73d1e80
0x0000009ff3b5d568:   0000009f8075e5fc 0000000000000002
0x0000009ff3b5d578:   0000000000000002 0000009ff3b5d5b0
0x0000009ff3b5d588:   00007ffaa6981c5d 0000000000000000
0x0000009ff3b5d598:   0000009f80756314 00000000c73d1e80
0x0000009ff3b5d5a8:   0000000000000000 00000000c73d1e80
0x0000009ff3b5d5b8:   0000009f80745144 ffffffffffffffff
0x0000009ff3b5d5c8:   000000080009c928 0000000000000000
0x0000009ff3b5d5d8:   0000009ff3b5d6b0 0000009ff3b5d640
0x0000009ff3b5d5e8:   00007ffaa704b360 0000000000000003
0x0000009ff3b5d5f8:   0000000000000000 0000000000000000
0x0000009ff3b5d608:   0000009f9151f890 0000009ff3b5d6b0
0x0000009ff3b5d618:   00000000c73d1e80 ffffffff00000000
0x0000009ff3b5d628:   0000009f9151f803 0000009ff3b5d6b0
0x0000009ff3b5d638:   00007ffaa6f00106 00000000c73d1e80
0x0000009ff3b5d648:   0000009f8075e1c4 0000009ff5b31080 

Instructions: (pc=0x0000009f1104c480)
0x0000009f1104c380:   ?? ?? ?? ?? ?? ?? ?? ?? ?? ?? ?? ?? ?? ?? ?? ??
0x0000009f1104c390:   ?? ?? ?? ?? ?? ?? ?? ?? ?? ?? ?? ?? ?? ?? ?? ??
0x0000009f1104c3a0:   ?? ?? ?? ?? ?? ?? ?? ?? ?? ?? ?? ?? ?? ?? ?? ??
0x0000009f1104c3b0:   ?? ?? ?? ?? ?? ?? ?? ?? ?? ?? ?? ?? ?? ?? ?? ??
0x0000009f1104c3c0:   ?? ?? ?? ?? ?? ?? ?? ?? ?? ?? ?? ?? ?? ?? ?? ??
0x0000009f1104c3d0:   ?? ?? ?? ?? ?? ?? ?? ?? ?? ?? ?? ?? ?? ?? ?? ??
0x0000009f1104c3e0:   ?? ?? ?? ?? ?? ?? ?? ?? ?? ?? ?? ?? ?? ?? ?? ??
0x0000009f1104c3f0:   ?? ?? ?? ?? ?? ?? ?? ?? ?? ?? ?? ?? ?? ?? ?? ??
0x0000009f1104c400:   ?? ?? ?? ?? ?? ?? ?? ?? ?? ?? ?? ?? ?? ?? ?? ??
0x0000009f1104c410:   ?? ?? ?? ?? ?? ?? ?? ?? ?? ?? ?? ?? ?? ?? ?? ??
0x0000009f1104c420:   ?? ?? ?? ?? ?? ?? ?? ?? ?? ?? ?? ?? ?? ?? ?? ??
0x0000009f1104c430:   ?? ?? ?? ?? ?? ?? ?? ?? ?? ?? ?? ?? ?? ?? ?? ??
0x0000009f1104c440:   ?? ?? ?? ?? ?? ?? ?? ?? ?? ?? ?? ?? ?? ?? ?? ??
0x0000009f1104c450:   ?? ?? ?? ?? ?? ?? ?? ?? ?? ?? ?? ?? ?? ?? ?? ??
0x0000009f1104c460:   ?? ?? ?? ?? ?? ?? ?? ?? ?? ?? ?? ?? ?? ?? ?? ??
0x0000009f1104c470:   ?? ?? ?? ?? ?? ?? ?? ?? ?? ?? ?? ?? ?? ?? ?? ??
0x0000009f1104c480:   ?? ?? ?? ?? ?? ?? ?? ?? ?? ?? ?? ?? ?? ?? ?? ??
0x0000009f1104c490:   ?? ?? ?? ?? ?? ?? ?? ?? ?? ?? ?? ?? ?? ?? ?? ??
0x0000009f1104c4a0:   ?? ?? ?? ?? ?? ?? ?? ?? ?? ?? ?? ?? ?? ?? ?? ??
0x0000009f1104c4b0:   ?? ?? ?? ?? ?? ?? ?? ?? ?? ?? ?? ?? ?? ?? ?? ??
0x0000009f1104c4c0:   ?? ?? ?? ?? ?? ?? ?? ?? ?? ?? ?? ?? ?? ?? ?? ??
0x0000009f1104c4d0:   ?? ?? ?? ?? ?? ?? ?? ?? ?? ?? ?? ?? ?? ?? ?? ??
0x0000009f1104c4e0:   ?? ?? ?? ?? ?? ?? ?? ?? ?? ?? ?? ?? ?? ?? ?? ??
0x0000009f1104c4f0:   ?? ?? ?? ?? ?? ?? ?? ?? ?? ?? ?? ?? ?? ?? ?? ??
0x0000009f1104c500:   ?? ?? ?? ?? ?? ?? ?? ?? ?? ?? ?? ?? ?? ?? ?? ??
0x0000009f1104c510:   ?? ?? ?? ?? ?? ?? ?? ?? ?? ?? ?? ?? ?? ?? ?? ??
0x0000009f1104c520:   ?? ?? ?? ?? ?? ?? ?? ?? ?? ?? ?? ?? ?? ?? ?? ??
0x0000009f1104c530:   ?? ?? ?? ?? ?? ?? ?? ?? ?? ?? ?? ?? ?? ?? ?? ??
0x0000009f1104c540:   ?? ?? ?? ?? ?? ?? ?? ?? ?? ?? ?? ?? ?? ?? ?? ??
0x0000009f1104c550:   ?? ?? ?? ?? ?? ?? ?? ?? ?? ?? ?? ?? ?? ?? ?? ??
0x0000009f1104c560:   ?? ?? ?? ?? ?? ?? ?? ?? ?? ?? ?? ?? ?? ?? ?? ??
0x0000009f1104c570:   ?? ?? ?? ?? ?? ?? ?? ?? ?? ?? ?? ?? ?? ?? ?? ?? 


Stack slot to memory mapping:
stack at sp + 0 slots: 0x0000009f80746b3c is at entry_point+252 in (nmethod*)0x0000009f80746890
stack at sp + 1 slots: 0x00000000c73d1e80 is an oop: java.nio.HeapCharBuffer 
{0x00000000c73d1e80} - klass: 'java/nio/HeapCharBuffer'
 - ---- fields (total size 7 words):
 - private 'mark' 'I' @12  -1 (ffffffff)
 - 'address' 'J' @16  16 (10 0)
 - private 'position' 'I' @24  0
 - private 'limit' 'I' @28  2
 - private 'capacity' 'I' @32  2
 - final 'segment' 'Ljdk/internal/access/foreign/MemorySegmentProxy;' @36  NULL (0)
 - final 'offset' 'I' @40  0
 - 'isReadOnly' 'Z' @44  false
 - final 'hb' '[C' @48  [C{0x00000000c73d1e68} (c73d1e68)
stack at sp + 2 slots: 0x0000009f8075e5fc is at entry_point+188 in (nmethod*)0x0000009f8075e390
stack at sp + 3 slots: 0x0000000000000002 is an unknown value
stack at sp + 4 slots: 0x0000000000000002 is an unknown value
stack at sp + 5 slots: 0x0000009ff3b5d5b0 is pointing into the stack for thread: 0x0000009ff5b31080
stack at sp + 6 slots: 0x00007ffaa6981c5d jvm.dll
stack at sp + 7 slots: 0x0 is NULL


---------------  P R O C E S S  ---------------

Threads class SMR info:
_java_thread_list=0x0000009f920d4320, length=12, elements={
0x0000009ff5b31080, 0x0000009fffba4fc0, 0x0000009fffba6420, 0x0000009fffbbd120,
0x0000009fffbbe9f0, 0x0000009fffbbf2b0, 0x0000009fffbc0310, 0x0000009fffbc2760,
0x0000009fffbc7d10, 0x0000009fffbd4df0, 0x0000009f920fce30, 0x0000009f92107f70
}

Java Threads: ( => current thread )
=>0x0000009ff5b31080 JavaThread "main" [_thread_in_Java, id=7464, stack(0x0000009ff3a60000,0x0000009ff3b60000)]
  0x0000009fffba4fc0 JavaThread "Reference Handler" daemon [_thread_blocked, id=3140, stack(0x0000009fffd80000,0x0000009fffe80000)]
  0x0000009fffba6420 JavaThread "Finalizer" daemon [_thread_blocked, id=8072, stack(0x0000009fffe80000,0x0000009ffff80000)]
  0x0000009fffbbd120 JavaThread "Signal Dispatcher" daemon [_thread_blocked, id=7244, stack(0x0000009f91980000,0x0000009f91a80000)]
  0x0000009fffbbe9f0 JavaThread "Attach Listener" daemon [_thread_blocked, id=8048, stack(0x0000009f91a80000,0x0000009f91b80000)]
  0x0000009fffbbf2b0 JavaThread "Service Thread" daemon [_thread_blocked, id=6576, stack(0x0000009f91b80000,0x0000009f91c80000)]
  0x0000009fffbc0310 JavaThread "Monitor Deflation Thread" daemon [_thread_blocked, id=5640, stack(0x0000009f91c80000,0x0000009f91d80000)]
  0x0000009fffbc2760 JavaThread "C2 CompilerThread0" daemon [_thread_blocked, id=7608, stack(0x0000009f91d80000,0x0000009f91e80000)]
  0x0000009fffbc7d10 JavaThread "C1 CompilerThread0" daemon [_thread_blocked, id=8052, stack(0x0000009f91e80000,0x0000009f91f80000)]
  0x0000009fffbd4df0 JavaThread "Sweeper thread" daemon [_thread_blocked, id=6112, stack(0x0000009f91f80000,0x0000009f92080000)]
  0x0000009f920fce30 JavaThread "Notification Thread" daemon [_thread_blocked, id=7060, stack(0x0000009f92480000,0x0000009f92580000)]
  0x0000009f92107f70 JavaThread "Common-Cleaner" daemon [_thread_blocked, id=6864, stack(0x0000009f92680000,0x0000009f92780000)]

Other Threads:
  0x0000009ff5bde440 VMThread "VM Thread" [stack: 0x0000009fffc80000,0x0000009fffd80000] [id=7476]
  0x0000009f920fd710 WatcherThread [stack: 0x0000009f92580000,0x0000009f92680000] [id=8056]
  0x0000009ff5b6aa50 GCTaskThread "GC Thread#0" [stack: 0x0000009fff360000,0x0000009fff460000] [id=7452]
  0x0000009f923d70c0 GCTaskThread "GC Thread#1" [stack: 0x0000009f92f80000,0x0000009f93080000] [id=3988]
  0x0000009ff5b730a0 ConcurrentGCThread "G1 Main Marker" [stack: 0x0000009fff460000,0x0000009fff560000] [id=8172]
  0x0000009ff5b75590 ConcurrentGCThread "G1 Conc#0" [stack: 0x0000009fff560000,0x0000009fff660000] [id=6828]
  0x0000009ff5bae9b0 ConcurrentGCThread "G1 Refine#0" [stack: 0x0000009fff880000,0x0000009fff980000] [id=6808]
  0x0000009ff5bb11f0 ConcurrentGCThread "G1 Service" [stack: 0x0000009fff980000,0x0000009fffa80000] [id=4412]

Threads with active compile tasks:

VM state: not at safepoint (normal execution)

VM Mutex/Monitor currently owned by a thread: None

Heap address: 0x00000000c4000000, size: 960 MB, Compressed Oops mode: 32-bit

CDS archive(s) mapped at: [0x0000000800000000-0x0000000800bc0000-0x0000000800bc0000), size 12320768, SharedBaseAddress: 0x0000000800000000, ArchiveRelocationMode: 0.
Compressed class space mapped at: 0x0000000800c00000-0x0000000840c00000, reserved size: 1073741824
Narrow klass base: 0x0000000800000000, Narrow klass shift: 0, Narrow klass range: 0x100000000

GC Precious Log:
 CPUs: 2 total, 2 available
 Memory: 3838M
 Large Page Support: Disabled
 NUMA Support: Disabled
 Compressed Oops: Enabled (32-bit)
 Heap Region Size: 1M
 Heap Min Capacity: 8M
 Heap Initial Capacity: 60M
 Heap Max Capacity: 960M
 Pre-touch: Disabled
 Parallel Workers: 2
 Concurrent Workers: 1
 Concurrent Refinement Workers: 2
 Periodic GC: Disabled

Heap:
 garbage-first heap   total 61440K, used 10240K [0x00000000c4000000, 0x0000000100000000)
  region size 1024K, 9 young (9216K), 1 survivors (1024K)
 Metaspace       used 4657K, committed 4800K, reserved 1056768K
  class space    used 541K, committed 640K, reserved 1048576K

Heap Regions: E=young(eden), S=young(survivor), O=old, HS=humongous(starts), HC=humongous(continues), CS=collection set, F=free, OA=open archive, CA=closed archive, TAMS=top-at-mark-start (previous, next)
|   0|0x00000000c4000000, 0x00000000c4100000, 0x00000000c4100000|100%| O|  |TAMS 0x00000000c4000000, 0x00000000c4000000| Untracked 
|   1|0x00000000c4100000, 0x00000000c4200000, 0x00000000c4200000|100%| O|  |TAMS 0x00000000c4100000, 0x00000000c4100000| Untracked 
|   2|0x00000000c4200000, 0x00000000c4200000, 0x00000000c4300000|  0%| F|  |TAMS 0x00000000c4200000, 0x00000000c4200000| Untracked 
|   3|0x00000000c4300000, 0x00000000c4300000, 0x00000000c4400000|  0%| F|  |TAMS 0x00000000c4300000, 0x00000000c4300000| Untracked 
|   4|0x00000000c4400000, 0x00000000c4400000, 0x00000000c4500000|  0%| F|  |TAMS 0x00000000c4400000, 0x00000000c4400000| Untracked 
|   5|0x00000000c4500000, 0x00000000c4500000, 0x00000000c4600000|  0%| F|  |TAMS 0x00000000c4500000, 0x00000000c4500000| Untracked 
|   6|0x00000000c4600000, 0x00000000c4600000, 0x00000000c4700000|  0%| F|  |TAMS 0x00000000c4600000, 0x00000000c4600000| Untracked 
|   7|0x00000000c4700000, 0x00000000c4700000, 0x00000000c4800000|  0%| F|  |TAMS 0x00000000c4700000, 0x00000000c4700000| Untracked 
|   8|0x00000000c4800000, 0x00000000c4800000, 0x00000000c4900000|  0%| F|  |TAMS 0x00000000c4800000, 0x00000000c4800000| Untracked 
|   9|0x00000000c4900000, 0x00000000c4900000, 0x00000000c4a00000|  0%| F|  |TAMS 0x00000000c4900000, 0x00000000c4900000| Untracked 
|  10|0x00000000c4a00000, 0x00000000c4a00000, 0x00000000c4b00000|  0%| F|  |TAMS 0x00000000c4a00000, 0x00000000c4a00000| Untracked 
|  11|0x00000000c4b00000, 0x00000000c4b00000, 0x00000000c4c00000|  0%| F|  |TAMS 0x00000000c4b00000, 0x00000000c4b00000| Untracked 
|  12|0x00000000c4c00000, 0x00000000c4c00000, 0x00000000c4d00000|  0%| F|  |TAMS 0x00000000c4c00000, 0x00000000c4c00000| Untracked 
|  13|0x00000000c4d00000, 0x00000000c4d00000, 0x00000000c4e00000|  0%| F|  |TAMS 0x00000000c4d00000, 0x00000000c4d00000| Untracked 
|  14|0x00000000c4e00000, 0x00000000c4e00000, 0x00000000c4f00000|  0%| F|  |TAMS 0x00000000c4e00000, 0x00000000c4e00000| Untracked 
|  15|0x00000000c4f00000, 0x00000000c4f00000, 0x00000000c5000000|  0%| F|  |TAMS 0x00000000c4f00000, 0x00000000c4f00000| Untracked 
|  16|0x00000000c5000000, 0x00000000c5000000, 0x00000000c5100000|  0%| F|  |TAMS 0x00000000c5000000, 0x00000000c5000000| Untracked 
|  17|0x00000000c5100000, 0x00000000c5100000, 0x00000000c5200000|  0%| F|  |TAMS 0x00000000c5100000, 0x00000000c5100000| Untracked 
|  18|0x00000000c5200000, 0x00000000c5200000, 0x00000000c5300000|  0%| F|  |TAMS 0x00000000c5200000, 0x00000000c5200000| Untracked 
|  19|0x00000000c5300000, 0x00000000c5300000, 0x00000000c5400000|  0%| F|  |TAMS 0x00000000c5300000, 0x00000000c5300000| Untracked 
|  20|0x00000000c5400000, 0x00000000c5400000, 0x00000000c5500000|  0%| F|  |TAMS 0x00000000c5400000, 0x00000000c5400000| Untracked 
|  21|0x00000000c5500000, 0x00000000c5500000, 0x00000000c5600000|  0%| F|  |TAMS 0x00000000c5500000, 0x00000000c5500000| Untracked 
|  22|0x00000000c5600000, 0x00000000c5600000, 0x00000000c5700000|  0%| F|  |TAMS 0x00000000c5600000, 0x00000000c5600000| Untracked 
|  23|0x00000000c5700000, 0x00000000c5700000, 0x00000000c5800000|  0%| F|  |TAMS 0x00000000c5700000, 0x00000000c5700000| Untracked 
|  24|0x00000000c5800000, 0x00000000c5800000, 0x00000000c5900000|  0%| F|  |TAMS 0x00000000c5800000, 0x00000000c5800000| Untracked 
|  25|0x00000000c5900000, 0x00000000c5900000, 0x00000000c5a00000|  0%| F|  |TAMS 0x00000000c5900000, 0x00000000c5900000| Untracked 
|  26|0x00000000c5a00000, 0x00000000c5a00000, 0x00000000c5b00000|  0%| F|  |TAMS 0x00000000c5a00000, 0x00000000c5a00000| Untracked 
|  27|0x00000000c5b00000, 0x00000000c5b00000, 0x00000000c5c00000|  0%| F|  |TAMS 0x00000000c5b00000, 0x00000000c5b00000| Untracked 
|  28|0x00000000c5c00000, 0x00000000c5c00000, 0x00000000c5d00000|  0%| F|  |TAMS 0x00000000c5c00000, 0x00000000c5c00000| Untracked 
|  29|0x00000000c5d00000, 0x00000000c5d00000, 0x00000000c5e00000|  0%| F|  |TAMS 0x00000000c5d00000, 0x00000000c5d00000| Untracked 
|  30|0x00000000c5e00000, 0x00000000c5e00000, 0x00000000c5f00000|  0%| F|  |TAMS 0x00000000c5e00000, 0x00000000c5e00000| Untracked 
|  31|0x00000000c5f00000, 0x00000000c5f00000, 0x00000000c6000000|  0%| F|  |TAMS 0x00000000c5f00000, 0x00000000c5f00000| Untracked 
|  32|0x00000000c6000000, 0x00000000c6000000, 0x00000000c6100000|  0%| F|  |TAMS 0x00000000c6000000, 0x00000000c6000000| Untracked 
|  33|0x00000000c6100000, 0x00000000c6100000, 0x00000000c6200000|  0%| F|  |TAMS 0x00000000c6100000, 0x00000000c6100000| Untracked 
|  34|0x00000000c6200000, 0x00000000c6200000, 0x00000000c6300000|  0%| F|  |TAMS 0x00000000c6200000, 0x00000000c6200000| Untracked 
|  35|0x00000000c6300000, 0x00000000c6300000, 0x00000000c6400000|  0%| F|  |TAMS 0x00000000c6300000, 0x00000000c6300000| Untracked 
|  36|0x00000000c6400000, 0x00000000c6400000, 0x00000000c6500000|  0%| F|  |TAMS 0x00000000c6400000, 0x00000000c6400000| Untracked 
|  37|0x00000000c6500000, 0x00000000c6500000, 0x00000000c6600000|  0%| F|  |TAMS 0x00000000c6500000, 0x00000000c6500000| Untracked 
|  38|0x00000000c6600000, 0x00000000c6600000, 0x00000000c6700000|  0%| F|  |TAMS 0x00000000c6600000, 0x00000000c6600000| Untracked 
|  39|0x00000000c6700000, 0x00000000c6700000, 0x00000000c6800000|  0%| F|  |TAMS 0x00000000c6700000, 0x00000000c6700000| Untracked 
|  40|0x00000000c6800000, 0x00000000c6800000, 0x00000000c6900000|  0%| F|  |TAMS 0x00000000c6800000, 0x00000000c6800000| Untracked 
|  41|0x00000000c6900000, 0x00000000c6900000, 0x00000000c6a00000|  0%| F|  |TAMS 0x00000000c6900000, 0x00000000c6900000| Untracked 
|  42|0x00000000c6a00000, 0x00000000c6a00000, 0x00000000c6b00000|  0%| F|  |TAMS 0x00000000c6a00000, 0x00000000c6a00000| Untracked 
|  43|0x00000000c6b00000, 0x00000000c6b00000, 0x00000000c6c00000|  0%| F|  |TAMS 0x00000000c6b00000, 0x00000000c6b00000| Untracked 
|  44|0x00000000c6c00000, 0x00000000c6c00000, 0x00000000c6d00000|  0%| F|  |TAMS 0x00000000c6c00000, 0x00000000c6c00000| Untracked 
|  45|0x00000000c6d00000, 0x00000000c6d00000, 0x00000000c6e00000|  0%| F|  |TAMS 0x00000000c6d00000, 0x00000000c6d00000| Untracked 
|  46|0x00000000c6e00000, 0x00000000c6e00000, 0x00000000c6f00000|  0%| F|  |TAMS 0x00000000c6e00000, 0x00000000c6e00000| Untracked 
|  47|0x00000000c6f00000, 0x00000000c6f00000, 0x00000000c7000000|  0%| F|  |TAMS 0x00000000c6f00000, 0x00000000c6f00000| Untracked 
|  48|0x00000000c7000000, 0x00000000c7000000, 0x00000000c7100000|  0%| F|  |TAMS 0x00000000c7000000, 0x00000000c7000000| Untracked 
|  49|0x00000000c7100000, 0x00000000c7100000, 0x00000000c7200000|  0%| F|  |TAMS 0x00000000c7100000, 0x00000000c7100000| Untracked 
|  50|0x00000000c7200000, 0x00000000c7200000, 0x00000000c7300000|  0%| F|  |TAMS 0x00000000c7200000, 0x00000000c7200000| Untracked 
|  51|0x00000000c7300000, 0x00000000c73f1240, 0x00000000c7400000| 94%| E|  |TAMS 0x00000000c7300000, 0x00000000c7300000| Complete 
|  52|0x00000000c7400000, 0x00000000c7500000, 0x00000000c7500000|100%| E|CS|TAMS 0x00000000c7400000, 0x00000000c7400000| Complete 
|  53|0x00000000c7500000, 0x00000000c7600000, 0x00000000c7600000|100%| E|CS|TAMS 0x00000000c7500000, 0x00000000c7500000| Complete 
|  54|0x00000000c7600000, 0x00000000c7700000, 0x00000000c7700000|100%| S|CS|TAMS 0x00000000c7600000, 0x00000000c7600000| Complete 
|  55|0x00000000c7700000, 0x00000000c7800000, 0x00000000c7800000|100%| E|CS|TAMS 0x00000000c7700000, 0x00000000c7700000| Complete 
|  56|0x00000000c7800000, 0x00000000c7900000, 0x00000000c7900000|100%| E|CS|TAMS 0x00000000c7800000, 0x00000000c7800000| Complete 
|  57|0x00000000c7900000, 0x00000000c7a00000, 0x00000000c7a00000|100%| E|CS|TAMS 0x00000000c7900000, 0x00000000c7900000| Complete 
|  58|0x00000000c7a00000, 0x00000000c7b00000, 0x00000000c7b00000|100%| E|CS|TAMS 0x00000000c7a00000, 0x00000000c7a00000| Complete 
|  59|0x00000000c7b00000, 0x00000000c7c00000, 0x00000000c7c00000|100%| E|CS|TAMS 0x00000000c7b00000, 0x00000000c7b00000| Complete 

Card table byte_map: [0x0000009ff58c0000,0x0000009ff5aa0000] _byte_map_base: 0x0000009ff52a0000

Marking Bits (Prev, Next): (CMBitMap*) 0x0000009ff5b6af70, (CMBitMap*) 0x0000009ff5b6afb0
 Prev Bits: [0x0000009ffd560000, 0x0000009ffe460000)
 Next Bits: [0x0000009ffe460000, 0x0000009fff360000)

Polling page: 0x0000009ff3b60000

Metaspace:

Usage:
  Non-class:      4.02 MB used.
      Class:    541.13 KB used.
       Both:      4.55 MB used.

Virtual space:
  Non-class space:        8.00 MB reserved,       4.06 MB ( 51%) committed,  1 nodes.
      Class space:        1.00 GB reserved,     640.00 KB ( <1%) committed,  1 nodes.
             Both:        1.01 GB reserved,       4.69 MB ( <1%) committed. 

Chunk freelists:
   Non-Class:  1.52 MB
       Class:  3.34 MB
        Both:  4.86 MB

MaxMetaspaceSize: unlimited
CompressedClassSpaceSize: 1.00 GB
Initial GC threshold: 21.00 MB
Current GC threshold: 21.00 MB
CDS: on
MetaspaceReclaimPolicy: balanced
 - commit_granule_bytes: 65536.
 - commit_granule_words: 8192.
 - virtual_space_node_default_size: 1048576.
 - enlarge_chunks_in_place: 1.
 - new_chunks_are_fully_committed: 0.
 - uncommit_free_chunks: 1.
 - use_allocation_guard: 0.
 - handle_deallocations: 1.


Internal statistics:

num_allocs_failed_limit: 0.
num_arena_births: 14.
num_arena_deaths: 0.
num_vsnodes_births: 2.
num_vsnodes_deaths: 0.
num_space_committed: 75.
num_space_uncommitted: 0.
num_chunks_returned_to_freelist: 0.
num_chunks_taken_from_freelist: 140.
num_chunk_merges: 0.
num_chunk_splits: 103.
num_chunks_enlarged: 91.
num_purges: 0.
num_inconsistent_stats: 0.

CodeHeap 'non-profiled nmethods': size=120064Kb used=300Kb max_used=300Kb free=119763Kb
 bounds [0x0000009f87ac0000, 0x0000009f87d30000, 0x0000009f8f000000]
CodeHeap 'profiled nmethods': size=120000Kb used=1944Kb max_used=1944Kb free=118055Kb
 bounds [0x0000009f80590000, 0x0000009f80800000, 0x0000009f87ac0000]
CodeHeap 'non-nmethods': size=5696Kb used=1140Kb max_used=1165Kb free=4556Kb
 bounds [0x0000009f80000000, 0x0000009f80270000, 0x0000009f80590000]
 total_blobs=1374 nmethods=945 adapters=343
 compilation: enabled
              stopped_count=0, restarted_count=0
 full_count=0

Compilation events (20 events):
Event: 0.973 Thread 0x0000009fffbc2760 nmethod 911 0x0000009f87b00990 code [0x0000009f87b00d80, 0x0000009f87b03d38]
Event: 0.974 Thread 0x0000009fffbc2760  920       4       org.codehaus.plexus.util.xml.pull.MXParser::more (79 bytes)
Event: 0.976 Thread 0x0000009fffbc2760 nmethod 920 0x0000009f87b05910 code [0x0000009f87b05aa0, 0x0000009f87b05bc8]
Event: 0.976 Thread 0x0000009fffbc2760  924       4       java.nio.CharBuffer::position (6 bytes)
Event: 0.976 Thread 0x0000009fffbc2760 nmethod 924 0x0000009f87b05d10 code [0x0000009f87b05e80, 0x0000009f87b05f58]
Event: 0.976 Thread 0x0000009fffbc2760  912       4       java.nio.CharBuffer::arrayOffset (35 bytes)
Event: 0.977 Thread 0x0000009fffbc2760 nmethod 912 0x0000009f87b06090 code [0x0000009f87b06200, 0x0000009f87b062b8]
Event: 0.977 Thread 0x0000009fffbc2760  923       4       java.nio.ByteBuffer::arrayOffset (35 bytes)
Event: 0.977 Thread 0x0000009fffbc2760 nmethod 923 0x0000009f87b06390 code [0x0000009f87b06500, 0x0000009f87b065b8]
Event: 0.977 Thread 0x0000009fffbc2760  913       4       java.io.InputStreamReader::read (11 bytes)
Event: 0.978 Thread 0x0000009fffbc2760 nmethod 913 0x0000009f87b06690 code [0x0000009f87b06820, 0x0000009f87b068e8]
Event: 0.978 Thread 0x0000009fffbc2760  925       4       org.codehaus.plexus.util.xml.XmlReader::read (11 bytes)
Event: 0.979 Thread 0x0000009fffbc2760 nmethod 925 0x0000009f87b06990 code [0x0000009f87b06b20, 0x0000009f87b06c28]
Event: 0.979 Thread 0x0000009fffbc2760  926       4       org.codehaus.plexus.util.InterpolationFilterReader::read (477 bytes)
Event: 0.982 Thread 0x0000009fffbc2760 nmethod 926 0x0000009f87b06d90 code [0x0000009f87b06f40, 0x0000009f87b07238]
Event: 0.982 Thread 0x0000009fffbc2760  940       4       org.codehaus.plexus.util.xml.pull.MXParser::isNameChar (63 bytes)
Event: 0.983 Thread 0x0000009fffbc2760 nmethod 940 0x0000009f87b07610 code [0x0000009f87b077a0, 0x0000009f87b078b8]
Event: 0.983 Thread 0x0000009fffbc2760  941       4       java.nio.ByteBuffer::position (8 bytes)
Event: 0.984 Thread 0x0000009fffbc2760 nmethod 941 0x0000009f87b07a10 code [0x0000009f87b07b80, 0x0000009f87b07c58]
Event: 0.984 Thread 0x0000009fffbc2760  937       4       java.nio.Buffer::limit (65 bytes)

GC Heap History (4 events):
Event: 0.379 GC heap before
{Heap before GC invocations=0 (full 0):
 garbage-first heap   total 61440K, used 6144K [0x00000000c4000000, 0x0000000100000000)
  region size 1024K, 6 young (6144K), 0 survivors (0K)
 Metaspace       used 1907K, committed 2112K, reserved 1056768K
  class space    used 162K, committed 256K, reserved 1048576K
}
Event: 0.389 GC heap after
{Heap after GC invocations=1 (full 0):
 garbage-first heap   total 61440K, used 1982K [0x00000000c4000000, 0x0000000100000000)
  region size 1024K, 1 young (1024K), 1 survivors (1024K)
 Metaspace       used 1907K, committed 2112K, reserved 1056768K
  class space    used 162K, committed 256K, reserved 1048576K
}
Event: 0.678 GC heap before
{Heap before GC invocations=1 (full 0):
 garbage-first heap   total 61440K, used 7102K [0x00000000c4000000, 0x0000000100000000)
  region size 1024K, 6 young (6144K), 1 survivors (1024K)
 Metaspace       used 3111K, committed 3264K, reserved 1056768K
  class space    used 315K, committed 384K, reserved 1048576K
}
Event: 0.688 GC heap after
{Heap after GC invocations=2 (full 0):
 garbage-first heap   total 61440K, used 3072K [0x00000000c4000000, 0x0000000100000000)
  region size 1024K, 1 young (1024K), 1 survivors (1024K)
 Metaspace       used 3111K, committed 3264K, reserved 1056768K
  class space    used 315K, committed 384K, reserved 1048576K
}

Deoptimization events (20 events):
Event: 0.499 Thread 0x0000009ff5b31080 Uncommon trap: trap_request=0xffffff45 fr.pc=0x0000009f87ac76c0 relative=0x00000000000003a0
Event: 0.499 Thread 0x0000009ff5b31080 Uncommon trap: reason=unstable_if action=reinterpret pc=0x0000009f87ac76c0 method=java.lang.StringLatin1.canEncode(I)Z @ 4 c2
Event: 0.499 Thread 0x0000009ff5b31080 DEOPT PACKING pc=0x0000009f87ac76c0 sp=0x0000009ff3b5d9f0
Event: 0.499 Thread 0x0000009ff5b31080 DEOPT UNPACKING pc=0x0000009f8005239d sp=0x0000009ff3b5d908 mode 2
Event: 0.499 Thread 0x0000009ff5b31080 Uncommon trap: trap_request=0xffffff45 fr.pc=0x0000009f87ac83a8 relative=0x0000000000000388
Event: 0.499 Thread 0x0000009ff5b31080 Uncommon trap: reason=unstable_if action=reinterpret pc=0x0000009f87ac83a8 method=java.lang.AbstractStringBuilder.isLatin1()Z @ 10 c2
Event: 0.499 Thread 0x0000009ff5b31080 DEOPT PACKING pc=0x0000009f87ac83a8 sp=0x0000009ff3b5d9f0
Event: 0.500 Thread 0x0000009ff5b31080 DEOPT UNPACKING pc=0x0000009f8005239d sp=0x0000009ff3b5d970 mode 2
Event: 0.515 Thread 0x0000009ff5b31080 Uncommon trap: trap_request=0xffffff45 fr.pc=0x0000009f87ac6d38 relative=0x0000000000000038
Event: 0.515 Thread 0x0000009ff5b31080 Uncommon trap: reason=unstable_if action=reinterpret pc=0x0000009f87ac6d38 method=java.lang.StringLatin1.canEncode(I)Z @ 4 c2
Event: 0.515 Thread 0x0000009ff5b31080 DEOPT PACKING pc=0x0000009f87ac6d38 sp=0x0000009ff3b5d980
Event: 0.515 Thread 0x0000009ff5b31080 DEOPT UNPACKING pc=0x0000009f8005239d sp=0x0000009ff3b5d910 mode 2
Event: 0.644 Thread 0x0000009ff5b31080 DEOPT PACKING pc=0x0000009f805c293e sp=0x0000009ff3b5ad00
Event: 0.644 Thread 0x0000009ff5b31080 DEOPT UNPACKING pc=0x0000009f80052b24 sp=0x0000009ff3b5a178 mode 0
Event: 0.713 Thread 0x0000009ff5b31080 DEOPT PACKING pc=0x0000009f805c293e sp=0x0000009ff3b593c0
Event: 0.713 Thread 0x0000009ff5b31080 DEOPT UNPACKING pc=0x0000009f80052b24 sp=0x0000009ff3b58838 mode 0
Event: 0.739 Thread 0x0000009ff5b31080 DEOPT PACKING pc=0x0000009f806516a7 sp=0x0000009ff3b5d050
Event: 0.739 Thread 0x0000009ff5b31080 DEOPT UNPACKING pc=0x0000009f80052b24 sp=0x0000009ff3b5c4b0 mode 0
Event: 0.970 Thread 0x0000009ff5b31080 DEOPT PACKING pc=0x0000009f805d382c sp=0x0000009ff3b5d730
Event: 0.970 Thread 0x0000009ff5b31080 DEOPT UNPACKING pc=0x0000009f80052b24 sp=0x0000009ff3b5cbe0 mode 0

Classes unloaded (0 events):
No events

Classes redefined (0 events):
No events

Internal exceptions (11 events):
Event: 0.219 Thread 0x0000009ff5b31080 Exception <a 'java/lang/NullPointerException'{0x00000000c7836d40}> (0x00000000c7836d40) 
thrown [s\open\src\hotspot\share\interpreter\linkResolver.cpp, line 1350]
Event: 0.238 Thread 0x0000009ff5b31080 Exception <a 'java/lang/NullPointerException'{0x00000000c7862a88}> (0x00000000c7862a88) 
thrown [s\open\src\hotspot\share\interpreter\linkResolver.cpp, line 1350]
Event: 0.238 Thread 0x0000009ff5b31080 Exception <a 'java/lang/NullPointerException'{0x00000000c7862d60}> (0x00000000c7862d60) 
thrown [s\open\src\hotspot\share\interpreter\linkResolver.cpp, line 1350]
Event: 0.238 Thread 0x0000009ff5b31080 Exception <a 'java/lang/NullPointerException'{0x00000000c7863038}> (0x00000000c7863038) 
thrown [s\open\src\hotspot\share\interpreter\linkResolver.cpp, line 1350]
Event: 0.238 Thread 0x0000009ff5b31080 Exception <a 'java/lang/NullPointerException'{0x00000000c7868cc0}> (0x00000000c7868cc0) 
thrown [s\open\src\hotspot\share\interpreter\linkResolver.cpp, line 1350]
Event: 0.242 Thread 0x0000009ff5b31080 Exception <a 'java/lang/NullPointerException'{0x00000000c787e078}> (0x00000000c787e078) 
thrown [s\open\src\hotspot\share\interpreter\linkResolver.cpp, line 1350]
Event: 0.242 Thread 0x0000009ff5b31080 Exception <a 'java/lang/NullPointerException'{0x00000000c787e350}> (0x00000000c787e350) 
thrown [s\open\src\hotspot\share\interpreter\linkResolver.cpp, line 1350]
Event: 0.242 Thread 0x0000009ff5b31080 Exception <a 'java/lang/NullPointerException'{0x00000000c787e628}> (0x00000000c787e628) 
thrown [s\open\src\hotspot\share\interpreter\linkResolver.cpp, line 1350]
Event: 0.242 Thread 0x0000009ff5b31080 Exception <a 'java/lang/NullPointerException'{0x00000000c787e900}> (0x00000000c787e900) 
thrown [s\open\src\hotspot\share\interpreter\linkResolver.cpp, line 1350]
Event: 0.812 Thread 0x0000009ff5b31080 Exception <a 'java/lang/NoSuchMethodError'{0x00000000c79cb628}: 'java.lang.Object java.lang.invoke.DirectMethodHandle$Holder.newInvokeSpecial(java.lang.Object, java.lang.Object, java.lang.Object, java.lang.Object, java.lang.Object)'> (0x00000000c79cb628) 
thrown [s\open\src\hotspot\share\interpreter\linkResolver.cpp, line 759]
Event: 0.871 Thread 0x0000009ff5b31080 Exception <a 'java/lang/NoClassDefFoundError'{0x00000000c7733150}: javax/enterprise/inject/Typed> (0x00000000c7733150) 
thrown [s\open\src\hotspot\share\classfile\systemDictionary.cpp, line 245]

VM Operations (12 events):
Event: 0.084 Executing VM operation: HandshakeAllThreads
Event: 0.084 Executing VM operation: HandshakeAllThreads done
Event: 0.216 Executing VM operation: HandshakeAllThreads
Event: 0.216 Executing VM operation: HandshakeAllThreads done
Event: 0.229 Executing VM operation: HandshakeAllThreads
Event: 0.229 Executing VM operation: HandshakeAllThreads done
Event: 0.379 Executing VM operation: G1CollectForAllocation
Event: 0.389 Executing VM operation: G1CollectForAllocation done
Event: 0.399 Executing VM operation: HandshakeAllThreads
Event: 0.399 Executing VM operation: HandshakeAllThreads done
Event: 0.678 Executing VM operation: G1CollectForAllocation
Event: 0.689 Executing VM operation: G1CollectForAllocation done

Events (20 events):
Event: 0.855 loading class sun/reflect/generics/repository/AbstractRepository
Event: 0.855 loading class sun/reflect/generics/repository/AbstractRepository done
Event: 0.855 loading class sun/reflect/generics/repository/GenericDeclRepository done
Event: 0.855 loading class sun/reflect/generics/repository/ClassRepository done
Event: 0.855 loading class sun/reflect/generics/tree/FormalTypeParameter
Event: 0.855 loading class sun/reflect/generics/tree/FormalTypeParameter done
Event: 0.855 loading class sun/reflect/generics/tree/ClassSignature
Event: 0.855 loading class sun/reflect/generics/tree/Signature
Event: 0.855 loading class sun/reflect/generics/tree/Signature done
Event: 0.855 loading class sun/reflect/generics/tree/ClassSignature done
Event: 0.855 loading class java/lang/reflect/TypeVariable
Event: 0.855 loading class java/lang/reflect/TypeVariable done
Event: 0.855 loading class java/lang/reflect/WildcardType
Event: 0.855 loading class java/lang/reflect/WildcardType done
Event: 0.857 loading class sun/reflect/generics/tree/TypeVariableSignature
Event: 0.857 loading class sun/reflect/generics/tree/TypeVariableSignature done
Event: 0.870 loading class java/lang/annotation/IncompleteAnnotationException
Event: 0.870 loading class java/lang/annotation/IncompleteAnnotationException done
Event: 0.977 loading class jdk/internal/access/foreign/MemorySegmentProxy
Event: 0.977 loading class jdk/internal/access/foreign/MemorySegmentProxy done


Dynamic libraries:
0x00007ff6f2f40000 - 0x00007ff6f2f50000 	C:\Program Files\Java\jdk-17.0.4.1\bin\java.exe
0x00007ffac9350000 - 0x00007ffac94fc000 	C:\Windows\SYSTEM32\ntdll.dll
0x00007ffac9050000 - 0x00007ffac918e000 	C:\Windows\system32\KERNEL32.DLL
0x00007ffac65d0000 - 0x00007ffac66e5000 	C:\Windows\system32\KERNELBASE.dll
0x00007ffabb560000 - 0x00007ffabb578000 	C:\Program Files\Java\jdk-17.0.4.1\bin\jli.dll
0x00007ffac2af0000 - 0x00007ffac2b0a000 	C:\Program Files\Java\jdk-17.0.4.1\bin\VCRUNTIME140.dll
0x00007ffac2ab0000 - 0x00007ffac2ab4000 	C:\Program Files\Java\jdk-17.0.4.1\bin\api-ms-win-crt-stdio-l1-1-0.dll
0x00007ffac13d0000 - 0x00007ffac13d4000 	C:\Program Files\Java\jdk-17.0.4.1\bin\api-ms-win-crt-runtime-l1-1-0.dll
0x00007ffac13b0000 - 0x00007ffac13b3000 	C:\Program Files\Java\jdk-17.0.4.1\bin\api-ms-win-crt-environment-l1-1-0.dll
0x00007ffac2890000 - 0x00007ffac2895000 	C:\Program Files\Java\jdk-17.0.4.1\bin\api-ms-win-crt-math-l1-1-0.dll
0x00007ffabd9c0000 - 0x00007ffabd9c3000 	C:\Program Files\Java\jdk-17.0.4.1\bin\api-ms-win-crt-locale-l1-1-0.dll
0x00007ffac1380000 - 0x00007ffac1383000 	C:\Program Files\Java\jdk-17.0.4.1\bin\api-ms-win-crt-heap-l1-1-0.dll
0x00007ffac89e0000 - 0x00007ffac8a8a000 	C:\Windows\system32\ADVAPI32.dll
0x00007ffac2e90000 - 0x00007ffac310b000 	C:\Windows\WinSxS\amd64_microsoft.windows.common-controls_6595b64144ccf1df_6.0.9600.17415_none_6240486fecbd8abb\COMCTL32.dll
0x00007ffac6ae0000 - 0x00007ffac6c57000 	C:\Windows\system32\USER32.dll
0x00007ffac3680000 - 0x00007ffac368a000 	C:\Windows\SYSTEM32\VERSION.dll
0x00007ffac13a0000 - 0x00007ffac13a3000 	C:\Program Files\Java\jdk-17.0.4.1\bin\api-ms-win-crt-filesystem-l1-1-0.dll
0x00007ffac2aa0000 - 0x00007ffac2aa4000 	C:\Program Files\Java\jdk-17.0.4.1\bin\api-ms-win-crt-string-l1-1-0.dll
0x00007ffac13c0000 - 0x00007ffac13c4000 	C:\Program Files\Java\jdk-17.0.4.1\bin\api-ms-win-crt-convert-l1-1-0.dll
0x00007ffac69d0000 - 0x00007ffac6a7a000 	C:\Windows\system32\msvcrt.dll
0x00007ffac8300000 - 0x00007ffac8359000 	C:\Windows\SYSTEM32\sechost.dll
0x00007ffac87d0000 - 0x00007ffac8911000 	C:\Windows\system32\RPCRT4.dll
0x00007ffac91f0000 - 0x00007ffac9341000 	C:\Windows\system32\GDI32.dll
0x00007ffab4240000 - 0x00007ffab433a000 	C:\Program Files\Java\jdk-17.0.4.1\bin\ucrtbase.DLL
0x00007ffac82c0000 - 0x00007ffac82f6000 	C:\Windows\system32\IMM32.DLL
0x00007ffac8a90000 - 0x00007ffac8be3000 	C:\Windows\system32\MSCTF.dll
0x00007ffac2ae0000 - 0x00007ffac2aec000 	C:\Program Files\Java\jdk-17.0.4.1\bin\vcruntime140_1.dll
0x00007ffab4020000 - 0x00007ffab40ad000 	C:\Program Files\Java\jdk-17.0.4.1\bin\msvcp140.dll
0x00007ffac1390000 - 0x00007ffac1393000 	C:\Program Files\Java\jdk-17.0.4.1\bin\api-ms-win-crt-time-l1-1-0.dll
0x00007ffac13e0000 - 0x00007ffac13e3000 	C:\Program Files\Java\jdk-17.0.4.1\bin\api-ms-win-crt-utility-l1-1-0.dll
0x00007ffaa6770000 - 0x00007ffaa7332000 	C:\Program Files\Java\jdk-17.0.4.1\bin\server\jvm.dll
0x00007ffac2c30000 - 0x00007ffac2c39000 	C:\Windows\SYSTEM32\WSOCK32.dll
0x00007ffac2860000 - 0x00007ffac2882000 	C:\Windows\SYSTEM32\WINMM.dll
0x00007ffac8520000 - 0x00007ffac8527000 	C:\Windows\system32\PSAPI.DLL
0x00007ffac6a80000 - 0x00007ffac6ada000 	C:\Windows\system32\WS2_32.dll
0x00007ffac2820000 - 0x00007ffac284a000 	C:\Windows\SYSTEM32\WINMMBASE.dll
0x00007ffac81f0000 - 0x00007ffac81f9000 	C:\Windows\system32\NSI.dll
0x00007ffac6980000 - 0x00007ffac69cf000 	C:\Windows\SYSTEM32\cfgmgr32.dll
0x00007ffac52a0000 - 0x00007ffac52c8000 	C:\Windows\SYSTEM32\DEVOBJ.dll
0x00007ffac1370000 - 0x00007ffac137a000 	C:\Program Files\Java\jdk-17.0.4.1\bin\jimage.dll
0x00007ffaba850000 - 0x00007ffaba9da000 	C:\Windows\SYSTEM32\DBGHELP.DLL
0x00007ffabdc00000 - 0x00007ffabdc25000 	C:\Program Files\Java\jdk-17.0.4.1\bin\java.dll
0x00007ffab3150000 - 0x00007ffab3226000 	C:\Program Files\Java\jdk-17.0.4.1\bin\jsvml.dll
0x00007ffac6cd0000 - 0x00007ffac81e9000 	C:\Windows\system32\SHELL32.dll
0x00007ffac8c50000 - 0x00007ffac8e61000 	C:\Windows\SYSTEM32\combase.dll
0x00007ffac8bf0000 - 0x00007ffac8c44000 	C:\Windows\system32\SHLWAPI.dll
0x00007ffac48b0000 - 0x00007ffac4962000 	C:\Windows\SYSTEM32\SHCORE.dll
0x00007ffac64a0000 - 0x00007ffac64b5000 	C:\Windows\SYSTEM32\profapi.dll
0x00007ffabd080000 - 0x00007ffabd099000 	C:\Program Files\Java\jdk-17.0.4.1\bin\net.dll
0x00007ffabf180000 - 0x00007ffabf249000 	C:\Windows\SYSTEM32\WINHTTP.dll
0x00007ffac5cb0000 - 0x00007ffac5d09000 	C:\Windows\system32\mswsock.dll
0x00007ffabcfb0000 - 0x00007ffabcfc6000 	C:\Program Files\Java\jdk-17.0.4.1\bin\nio.dll
0x00007ffabb780000 - 0x00007ffabb798000 	C:\Program Files\Java\jdk-17.0.4.1\bin\zip.dll
0x0000000069ac0000 - 0x0000000069ae4000 	C:\Program Files\NetBeans-14\netbeans\java\maven\lib\jansi-native\Windows\x86_64\jansi.dll
0x00007ffac1360000 - 0x00007ffac1370000 	C:\Program Files\Java\jdk-17.0.4.1\bin\verify.dll

dbghelp: loaded successfully - version: 4.0.5 - missing functions: none
symbol engine: initialized successfully - sym options: 0x614 - pdb path: .;C:\Program Files\Java\jdk-17.0.4.1\bin;C:\Windows\SYSTEM32;C:\Windows\WinSxS\amd64_microsoft.windows.common-controls_6595b64144ccf1df_6.0.9600.17415_none_6240486fecbd8abb;C:\Program Files\Java\jdk-17.0.4.1\bin\server;C:\Program Files\NetBeans-14\netbeans\java\maven\lib\jansi-native\Windows\x86_64

VM Arguments:
jvm_args: -Dclassworlds.conf=C:\Program Files\NetBeans-14\netbeans\java\maven\bin\m2.conf -Dmaven.home=C:\Program Files\NetBeans-14\netbeans\java\maven -Dlibrary.jansi.path=C:\Program Files\NetBeans-14\netbeans\java\maven\lib\jansi-native -Dmaven.multiModuleProjectDirectory=C:\Users\Dasun Nethsara\Desktop\Lycoris Cafe\IMS 
java_command: org.codehaus.plexus.classworlds.launcher.Launcher -Dexec.vmArgs= -Dexec.args=${exec.vmArgs} -classpath %classpath ${exec.mainClass} ${exec.appArgs} -Dexec.executable=C:\Program Files\Java\jdk-17.0.4.1\bin\java.exe -Dexec.mainClass=Administrator.Main -Dexec.classpathScope=runtime -Dexec.appArgs= -Dmaven.ext.class.path=C:\Program Files\NetBeans-14\netbeans\java\maven-nblib\netbeans-eventspy.jar -Dfile.encoding=UTF-8 org.codehaus.mojo:exec-maven-plugin:3.0.0:exec
java_class_path (initial): C:\Program Files\NetBeans-14\netbeans\java\maven\boot\plexus-classworlds-2.6.0.jar
Launcher Type: SUN_STANDARD

[Global flags]
     intx CICompilerCount                          = 2                                         {product} {ergonomic}
     uint ConcGCThreads                            = 1                                         {product} {ergonomic}
     uint G1ConcRefinementThreads                  = 2                                         {product} {ergonomic}
   size_t G1HeapRegionSize                         = 1048576                                   {product} {ergonomic}
    uintx GCDrainStackTargetSize                   = 64                                        {product} {ergonomic}
   size_t InitialHeapSize                          = 62914560                                  {product} {ergonomic}
   size_t MarkStackSize                            = 4194304                                   {product} {ergonomic}
   size_t MaxHeapSize                              = 1006632960                                {product} {ergonomic}
   size_t MaxNewSize                               = 603979776                                 {product} {ergonomic}
   size_t MinHeapDeltaBytes                        = 1048576                                   {product} {ergonomic}
   size_t MinHeapSize                              = 8388608                                   {product} {ergonomic}
    uintx NonNMethodCodeHeapSize                   = 5826188                                {pd product} {ergonomic}
    uintx NonProfiledCodeHeapSize                  = 122916026                              {pd product} {ergonomic}
    uintx ProfiledCodeHeapSize                     = 122916026                              {pd product} {ergonomic}
    uintx ReservedCodeCacheSize                    = 251658240                              {pd product} {ergonomic}
     bool SegmentedCodeCache                       = true                                      {product} {ergonomic}
   size_t SoftMaxHeapSize                          = 1006632960                             {manageable} {ergonomic}
     bool UseCompressedClassPointers               = true                           {product lp64_product} {ergonomic}
     bool UseCompressedOops                        = true                           {product lp64_product} {ergonomic}
     bool UseG1GC                                  = true                                      {product} {ergonomic}
     bool UseLargePagesIndividualAllocation        = false                                  {pd product} {ergonomic}

Logging:
Log output configuration:
 #0: stdout all=warning uptime,level,tags
 #1: stderr all=off uptime,level,tags

Environment Variables:
JAVA_HOME=C:\Program Files\Java\jdk-17.0.4.1
PATH=C:\Program Files\Common Files\Oracle\Java\javapath;C:\Windows\system32;C:\Windows;C:\Windows\System32\Wbem;C:\Windows\System32\WindowsPowerShell\v1.0\;C:\Program Files\Git\cmd;C:\Users\Dasun Nethsara\AppData\Local\Programs\Python\Python38\Scripts\;C:\Users\Dasun Nethsara\AppData\Local\Programs\Python\Python38\;C:\Users\Dasun Nethsara\AppData\Local\Programs\Microsoft VS Code\bin
USERNAME=Dasun Nethsara
OS=Windows_NT
PROCESSOR_IDENTIFIER=Intel64 Family 6 Model 23 Stepping 6, GenuineIntel



---------------  S Y S T E M  ---------------

OS:
 Windows 8.1 , 64 bit Build 9600 (6.3.9600.17415)
OS uptime: 0 days 14:23 hours

CPU: total 2 (initial active 2) (2 cores per cpu, 1 threads per core) family 6 model 23 stepping 6 microcode 0x610, cx8, cmov, fxsr, mmx, sse, sse2, sse3, ssse3, sse4.1, tsc, clflush

Memory: 4k page, system-wide physical 3838M (1215M free)
TotalPageFile size 5589M (AvailPageFile size 1694M)
current process WorkingSet (physical memory assigned to process): 56M, peak: 56M
current process commit charge ("private bytes"): 138M, peak: 140M

vm_info: Java HotSpot(TM) 64-Bit Server VM (17.0.4.1+1-LTS-2) for windows-amd64 JRE (17.0.4.1+1-LTS-2), built on Aug 16 2022 18:32:06 by "mach5one" with MS VC++ 16.8 / 16.9 (VS2019)

END.
